-------------------------------------------------------------------------------
Test set: com.orangeHRM.runners.TestRunner
-------------------------------------------------------------------------------
Tests run: 1, Failures: 1, Errors: 0, Skipped: 0, Time elapsed: 16.349 s <<< FAILURE! - in com.orangeHRM.runners.TestRunner
Add Employee Label Verification(Add Employee)  Time elapsed: 15.66 s  <<< FAILURE!
java.lang.AssertionError

