<?xml version="1.0" encoding="UTF-8"?>
<testsuite xmlns:xsi="http://www.w3.org/2001/XMLSchema-instance" xsi:noNamespaceSchemaLocation="https://maven.apache.org/surefire/maven-surefire-plugin/xsd/surefire-test-report-3.0.xsd" version="3.0" name="com.orangeHRM.runners.TestRunner" time="16.349" tests="1" errors="0" skipped="0" failures="1">
  <properties>
[...]
</properties>
  <testcase name="Add Employee Label Verification" classname="Add Employee" time="15.66">
    <failure type="java.lang.AssertionError">java.lang.AssertionError
</failure>
    <system-out><![CDATA[Starting test:Add Employee Label Verification
----printing expected labeles from cucumber
----Printing labels from cucumber dataTable----
First Names
Middle Name
Last Name
Employee Id
Location
Create Login Details
Ending test:Add Employee Label Verification
]]></system-out>
    <system-err><![CDATA[Starting ChromeDriver 74.0.3729.6 (255758eccf3d244491b8a1317aa76e1ce10d57e9-refs/branch-heads/3729@{#29}) on port 32794
Only local connections are allowed.
Please protect ports used by ChromeDriver and related test frameworks to prevent access by malicious code.
[1561325764.621][WARNING]: This version of ChromeDriver has not been tested with Chrome version 75.
[1561325764.675][WARNING]: This version of ChromeDriver has not been tested with Chrome version 75.
Jun 23, 2019 2:36:05 PM org.openqa.selenium.remote.ProtocolHandshake createSession
INFO: Detected dialect: OSS
]]></system-err>
  </testcase>
</testsuite>